<?xml version="1.0" encoding="UTF-8"?>
<testng-results ignored="0" total="1" passed="1" failed="0" skipped="0">
  <reporter-output>
  </reporter-output>
  <suite started-at="2023-09-23T18:03:01 IST" name="Suite" finished-at="2023-09-23T18:03:09 IST" duration-ms="8490">
    <groups>
    </groups>
    <test started-at="2023-09-23T18:03:01 IST" name="Test" finished-at="2023-09-23T18:03:09 IST" duration-ms="8490">
      <class name="com.testcases.Testcases">
        <test-method signature="openbrowser()[pri:0, instance:com.testcases.Testcases@53f6fd09]" started-at="2023-09-23T18:03:01 IST" name="openbrowser" finished-at="2023-09-23T18:03:08 IST" duration-ms="7232" status="PASS">
          <reporter-output>
          </reporter-output>
        </test-method> <!-- openbrowser -->
      </class> <!-- com.testcases.Testcases -->
    </test> <!-- Test -->
  </suite> <!-- Suite -->
</testng-results>
